#-----------------------------------------------------------
# updatemem v2022.2 (64-bit)
# SW Build 3671981 on Fri Oct 14 05:00:03 MDT 2022
# 
# Start of session at: Thu Apr 25 00:36:58 2024
# Process ID: 53888
# Current directory: c:/Users/aadit/Documents/ECE_385/385group/Final_proj/final_proj_new
# Command line: updatemem.exe -mode batch -source C:/Xilinx/Vitis/2022.2/scripts/updatemem/main.tcl -notrace -tclargs -meminfo C:/Users/aadit/Documents/ECE_385/385group/Final_proj/final_proj_new/final_proj_workspace/lwip/_ide/bitstream/mb_eth_top.mmi -data C:/Xilinx/Vitis/2022.2/data/embeddedsw/lib/microblaze/mb_bootloop_le.elf -proc fml/bd_i/microblaze_0 -bit C:/Users/aadit/Documents/ECE_385/385group/Final_proj/final_proj_new/final_proj_workspace/lwip/_ide/bitstream/mb_eth_top.bit -out C:/Users/aadit/Documents/ECE_385/385group/Final_proj/final_proj_new/final_proj_workspace/lwip/_ide/bitstream/download.bit -force
# Log file: c:/Users/aadit/Documents/ECE_385/385group/Final_proj/final_proj_new/updatemem.log
# Journal file: c:/Users/aadit/Documents/ECE_385/385group/Final_proj/final_proj_new\updatemem.jou
# Running On: killer_hasher, OS: Windows, CPU Frequency: 1896 MHz, CPU Physical cores: 16, Host memory: 16487 MB
#-----------------------------------------------------------
source C:/Xilinx/Vitis/2022.2/scripts/updatemem/main.tcl -notrace
Command: update_mem -meminfo C:/Users/aadit/Documents/ECE_385/385group/Final_proj/final_proj_new/final_proj_workspace/lwip/_ide/bitstream/mb_eth_top.mmi -data C:/Xilinx/Vitis/2022.2/data/embeddedsw/lib/microblaze/mb_bootloop_le.elf -proc fml/bd_i/microblaze_0 -bit C:/Users/aadit/Documents/ECE_385/385group/Final_proj/final_proj_new/final_proj_workspace/lwip/_ide/bitstream/mb_eth_top.bit -out C:/Users/aadit/Documents/ECE_385/385group/Final_proj/final_proj_new/final_proj_workspace/lwip/_ide/bitstream/download.bit -force
Loading bitfile C:/Users/aadit/Documents/ECE_385/385group/Final_proj/final_proj_new/final_proj_workspace/lwip/_ide/bitstream/mb_eth_top.bit
Loading data files...
Updating memory content...
Creating bitstream...
Bitstream compression saved 4916736 bits.
Writing bitstream C:/Users/aadit/Documents/ECE_385/385group/Final_proj/final_proj_new/final_proj_workspace/lwip/_ide/bitstream/download.bit...
0 Infos, 0 Warnings, 0 Critical Warnings and 0 Errors encountered.
update_mem completed successfully
update_mem: Time (s): cpu = 00:00:07 ; elapsed = 00:00:10 . Memory (MB): peak = 1558.414 ; gain = 1449.031
INFO: [Common 17-206] Exiting updatemem at Thu Apr 25 00:37:08 2024...
