23:15:18 DEBUG : Logs will be stored at 'C:/Users/kpari/final_project/my_workspace/IDE.log'.
23:15:20 INFO  : Platform repository initialization has completed.
23:15:20 INFO  : Launching XSCT server: xsct.bat -n  -interactive C:\Users\kpari\final_project\my_workspace\temp_xsdb_launch_script.tcl
23:15:20 INFO  : Registering command handlers for Vitis TCF services
23:15:23 INFO  : XSCT server has started successfully.
23:15:24 INFO  : plnx-install-location is set to ''
23:15:29 INFO  : Successfully done setting XSCT server connection channel  
23:15:29 INFO  : Successfully done query RDI_DATADIR 
23:15:29 INFO  : Successfully done setting workspace for the tool. 
09:06:44 DEBUG : Logs will be stored at 'C:/Users/kpari/final_project/my_workspace/IDE.log'.
09:06:46 INFO  : Launching XSCT server: xsct.bat -n  -interactive C:\Users\kpari\final_project\my_workspace\temp_xsdb_launch_script.tcl
09:06:46 INFO  : Platform repository initialization has completed.
09:06:46 INFO  : Registering command handlers for Vitis TCF services
09:06:48 INFO  : XSCT server has started successfully.
09:06:48 INFO  : Successfully done setting XSCT server connection channel  
09:06:48 INFO  : plnx-install-location is set to ''
09:06:48 INFO  : Successfully done query RDI_DATADIR 
09:06:48 INFO  : Successfully done setting workspace for the tool. 
09:36:00 DEBUG : Logs will be stored at 'C:/Users/kpari/final_project/my_workspace/IDE.log'.
09:36:01 INFO  : Launching XSCT server: xsct.bat -n  -interactive C:\Users\kpari\final_project\my_workspace\temp_xsdb_launch_script.tcl
09:36:01 INFO  : Platform repository initialization has completed.
09:36:01 INFO  : Registering command handlers for Vitis TCF services
09:36:03 INFO  : XSCT server has started successfully.
09:36:03 INFO  : Successfully done setting XSCT server connection channel  
09:36:03 INFO  : plnx-install-location is set to ''
09:36:03 INFO  : Successfully done query RDI_DATADIR 
09:36:03 INFO  : Successfully done setting workspace for the tool. 
09:37:19 INFO  : Result from executing command 'getProjects': eth_top_with_kbd
09:37:19 INFO  : Result from executing command 'getPlatforms': 
09:37:19 WARN  : An unexpected exception occurred in the module 'platform project logging'
09:37:19 INFO  : Platform 'eth_top_with_kbd' is added to custom repositories.
09:37:21 INFO  : Platform 'eth_top_with_kbd' is added to custom repositories.
09:38:28 INFO  : No changes in MSS file content so sources will not be generated.
10:13:06 INFO  : Hardware specification for platform project 'eth_top_with_kbd' is updated.
10:13:25 INFO  : No changes in MSS file content so sources will not be generated.
10:14:12 INFO  : Result from executing command 'getProjects': eth_top_with_kbd
10:14:12 INFO  : Result from executing command 'getPlatforms': eth_top_with_kbd|C:/Users/kpari/final_project/my_workspace/eth_top_with_kbd/export/eth_top_with_kbd/eth_top_with_kbd.xpfm
10:14:44 INFO  : Checking for BSP changes to sync application flags for project 'kbd_eth'...
10:14:44 INFO  : Updating application flags with new BSP settings...
10:14:44 INFO  : Successfully updated application flags for project kbd_eth.
10:17:03 INFO  : Result from executing command 'getProjects': eth_top_with_kbd
10:17:03 INFO  : Result from executing command 'getPlatforms': eth_top_with_kbd|C:/Users/kpari/final_project/my_workspace/eth_top_with_kbd/export/eth_top_with_kbd/eth_top_with_kbd.xpfm
10:23:35 INFO  : Result from executing command 'getProjects': eth_top_with_kbd
10:23:35 INFO  : Result from executing command 'getPlatforms': eth_top_with_kbd|C:/Users/kpari/final_project/my_workspace/eth_top_with_kbd/export/eth_top_with_kbd/eth_top_with_kbd.xpfm
10:23:46 INFO  : Checking for BSP changes to sync application flags for project 'kbd_eth'...
10:33:45 INFO  : Checking for BSP changes to sync application flags for project 'kbd_eth'...
10:37:04 DEBUG : Logs will be stored at 'C:/Users/kpari/final_project/my_workspace/IDE.log'.
10:37:04 INFO  : Launching XSCT server: xsct.bat -n  -interactive C:\Users\kpari\final_project\my_workspace\temp_xsdb_launch_script.tcl
10:37:06 INFO  : XSCT server has started successfully.
10:37:06 INFO  : Successfully done setting XSCT server connection channel  
10:37:06 INFO  : plnx-install-location is set to ''
10:37:06 INFO  : Successfully done setting workspace for the tool. 
10:37:07 INFO  : Platform repository initialization has completed.
10:37:07 INFO  : Successfully done query RDI_DATADIR 
10:37:08 INFO  : Registering command handlers for Vitis TCF services
10:41:51 INFO  : Result from executing command 'removePlatformRepo': 
10:42:08 INFO  : Result from executing command 'getProjects': eth_top_with_kbd
10:42:08 INFO  : Result from executing command 'getPlatforms': 
10:42:38 INFO  : Checking for BSP changes to sync application flags for project 'kbd_eth'...
12:02:02 INFO  : Connected to target on host '127.0.0.1' and port '3121'.
12:02:02 INFO  : Jtag cable 'RealDigital Boo 88742923007DA' is selected.
12:02:02 INFO  : 'jtag frequency' command is executed.
12:02:02 INFO  : 'targets -set -filter {jtag_cable_name =~ "RealDigital Boo 88742923007DA" && level==0 && jtag_device_ctx=="jsn1-0362f093-0"}' command is executed.
12:02:04 INFO  : Device configured successfully with "C:/Users/kpari/final_project/my_workspace/kbd_eth/_ide/bitstream/eth_top_with_kbd.bit"
12:02:04 INFO  : Context for processor 'microblaze_0' is selected.
12:02:04 INFO  : Hardware design and registers information is loaded from 'C:/Users/kpari/final_project/my_workspace/eth_top_with_kbd/export/eth_top_with_kbd/hw/eth_top_with_kbd.xsa'.
12:02:04 INFO  : 'configparams mdm-detect-bscan-mask 2' command is executed.
12:02:04 INFO  : Context for processor 'microblaze_0' is selected.
12:02:04 INFO  : System reset is completed.
12:02:07 INFO  : 'after 3000' command is executed.
12:02:07 INFO  : Context for processor 'microblaze_0' is selected.
12:02:08 INFO  : The application 'C:/Users/kpari/final_project/my_workspace/kbd_eth/Debug/kbd_eth.elf' is downloaded to processor 'microblaze_0'.
12:02:08 INFO  : ----------------XSDB Script----------------
connect -url tcp:127.0.0.1:3121
targets -set -filter {jtag_cable_name =~ "RealDigital Boo 88742923007DA" && level==0 && jtag_device_ctx=="jsn1-0362f093-0"}
fpga -file C:/Users/kpari/final_project/my_workspace/kbd_eth/_ide/bitstream/eth_top_with_kbd.bit
targets -set -nocase -filter {name =~ "*microblaze*#0" && bscan=="USER2" }
loadhw -hw C:/Users/kpari/final_project/my_workspace/eth_top_with_kbd/export/eth_top_with_kbd/hw/eth_top_with_kbd.xsa -regs
configparams mdm-detect-bscan-mask 2
targets -set -nocase -filter {name =~ "*microblaze*#0" && bscan=="USER2" }
rst -system
after 3000
targets -set -nocase -filter {name =~ "*microblaze*#0" && bscan=="USER2" }
dow C:/Users/kpari/final_project/my_workspace/kbd_eth/Debug/kbd_eth.elf
----------------End of Script----------------

12:02:08 INFO  : Context for processor 'microblaze_0' is selected.
12:02:08 INFO  : 'con' command is executed.
12:02:08 INFO  : ----------------XSDB Script (After Launch)----------------
targets -set -nocase -filter {name =~ "*microblaze*#0" && bscan=="USER2" }
con
----------------End of Script----------------

12:02:08 INFO  : Disconnected from the channel tcfchan#3.
12:03:53 INFO  : Connected to target on host '127.0.0.1' and port '3121'.
12:03:53 INFO  : Jtag cable 'RealDigital Boo 88742923007DA' is selected.
12:03:53 INFO  : 'jtag frequency' command is executed.
12:03:53 INFO  : 'targets -set -filter {jtag_cable_name =~ "RealDigital Boo 88742923007DA" && level==0 && jtag_device_ctx=="jsn1-0362f093-0"}' command is executed.
12:03:55 INFO  : Device configured successfully with "C:/Users/kpari/final_project/my_workspace/kbd_eth/_ide/bitstream/eth_top_with_kbd.bit"
12:03:55 INFO  : Context for processor 'microblaze_0' is selected.
12:03:55 INFO  : Hardware design and registers information is loaded from 'C:/Users/kpari/final_project/my_workspace/eth_top_with_kbd/export/eth_top_with_kbd/hw/eth_top_with_kbd.xsa'.
12:03:55 INFO  : 'configparams mdm-detect-bscan-mask 2' command is executed.
12:03:55 INFO  : Context for processor 'microblaze_0' is selected.
12:03:55 INFO  : System reset is completed.
12:03:58 INFO  : 'after 3000' command is executed.
12:03:58 INFO  : Context for processor 'microblaze_0' is selected.
12:03:59 INFO  : The application 'C:/Users/kpari/final_project/my_workspace/kbd_eth/Debug/kbd_eth.elf' is downloaded to processor 'microblaze_0'.
12:03:59 INFO  : ----------------XSDB Script----------------
connect -url tcp:127.0.0.1:3121
targets -set -filter {jtag_cable_name =~ "RealDigital Boo 88742923007DA" && level==0 && jtag_device_ctx=="jsn1-0362f093-0"}
fpga -file C:/Users/kpari/final_project/my_workspace/kbd_eth/_ide/bitstream/eth_top_with_kbd.bit
targets -set -nocase -filter {name =~ "*microblaze*#0" && bscan=="USER2" }
loadhw -hw C:/Users/kpari/final_project/my_workspace/eth_top_with_kbd/export/eth_top_with_kbd/hw/eth_top_with_kbd.xsa -regs
configparams mdm-detect-bscan-mask 2
targets -set -nocase -filter {name =~ "*microblaze*#0" && bscan=="USER2" }
rst -system
after 3000
targets -set -nocase -filter {name =~ "*microblaze*#0" && bscan=="USER2" }
dow C:/Users/kpari/final_project/my_workspace/kbd_eth/Debug/kbd_eth.elf
----------------End of Script----------------

12:03:59 INFO  : Context for processor 'microblaze_0' is selected.
12:03:59 INFO  : 'con' command is executed.
12:03:59 INFO  : ----------------XSDB Script (After Launch)----------------
targets -set -nocase -filter {name =~ "*microblaze*#0" && bscan=="USER2" }
con
----------------End of Script----------------

12:03:59 INFO  : Disconnected from the channel tcfchan#4.
12:10:25 INFO  : Result from executing command 'removePlatformRepo': 
12:11:30 INFO  : Result from executing command 'getProjects': eth_top_with_kbd
12:11:30 INFO  : Result from executing command 'getPlatforms': 
12:11:39 INFO  : Checking for BSP changes to sync application flags for project 'kbd_eth'...
12:11:51 INFO  : Connected to target on host '127.0.0.1' and port '3121'.
12:11:52 INFO  : Jtag cable 'RealDigital Boo 88742923007DA' is selected.
12:11:52 INFO  : 'jtag frequency' command is executed.
12:11:52 INFO  : 'targets -set -filter {jtag_cable_name =~ "RealDigital Boo 88742923007DA" && level==0 && jtag_device_ctx=="jsn1-0362f093-0"}' command is executed.
12:11:53 INFO  : Device configured successfully with "C:/Users/kpari/final_project/my_workspace/kbd_eth/_ide/bitstream/eth_top_with_kbd.bit"
12:11:53 INFO  : Context for processor 'microblaze_0' is selected.
12:11:53 INFO  : Hardware design and registers information is loaded from 'C:/Users/kpari/final_project/my_workspace/eth_top_with_kbd/export/eth_top_with_kbd/hw/eth_top_with_kbd.xsa'.
12:11:53 INFO  : 'configparams mdm-detect-bscan-mask 2' command is executed.
12:11:53 INFO  : Context for processor 'microblaze_0' is selected.
12:11:53 INFO  : System reset is completed.
12:11:56 INFO  : 'after 3000' command is executed.
12:11:56 INFO  : Context for processor 'microblaze_0' is selected.
12:11:57 INFO  : The application 'C:/Users/kpari/final_project/my_workspace/kbd_eth/Debug/kbd_eth.elf' is downloaded to processor 'microblaze_0'.
12:11:57 INFO  : ----------------XSDB Script----------------
connect -url tcp:127.0.0.1:3121
targets -set -filter {jtag_cable_name =~ "RealDigital Boo 88742923007DA" && level==0 && jtag_device_ctx=="jsn1-0362f093-0"}
fpga -file C:/Users/kpari/final_project/my_workspace/kbd_eth/_ide/bitstream/eth_top_with_kbd.bit
targets -set -nocase -filter {name =~ "*microblaze*#0" && bscan=="USER2" }
loadhw -hw C:/Users/kpari/final_project/my_workspace/eth_top_with_kbd/export/eth_top_with_kbd/hw/eth_top_with_kbd.xsa -regs
configparams mdm-detect-bscan-mask 2
targets -set -nocase -filter {name =~ "*microblaze*#0" && bscan=="USER2" }
rst -system
after 3000
targets -set -nocase -filter {name =~ "*microblaze*#0" && bscan=="USER2" }
dow C:/Users/kpari/final_project/my_workspace/kbd_eth/Debug/kbd_eth.elf
----------------End of Script----------------

12:11:57 INFO  : Context for processor 'microblaze_0' is selected.
12:11:57 INFO  : 'con' command is executed.
12:11:57 INFO  : ----------------XSDB Script (After Launch)----------------
targets -set -nocase -filter {name =~ "*microblaze*#0" && bscan=="USER2" }
con
----------------End of Script----------------

12:11:57 INFO  : Disconnected from the channel tcfchan#7.
