
*** Running vivado
    with args -log bd_1_dlmb_bram_if_cntlr_0.vds -m64 -product Vivado -mode batch -messageDb vivado.pb -notrace -source bd_1_dlmb_bram_if_cntlr_0.tcl



****** Vivado v2022.2 (64-bit)
  **** SW Build 3671981 on Fri Oct 14 05:00:03 MDT 2022
  **** IP Build 3669848 on Fri Oct 14 08:30:02 MDT 2022
    ** Copyright 1986-2022 Xilinx, Inc. All Rights Reserved.

source bd_1_dlmb_bram_if_cntlr_0.tcl -notrace
INFO: [IP_Flow 19-234] Refreshing IP repositories
INFO: [IP_Flow 19-1700] Loaded user IP repository 'c:/Users/aadit/Documents/analogdevices_IPs/library/util_mii_to_rmii'.
INFO: [IP_Flow 19-2313] Loaded Vivado IP repository 'C:/Xilinx/Vivado/2022.2/data/ip'.
WARNING: [IP_Flow 19-4995] The host OS only allows 260 characters in a normal path. The IP cache path is more than 80 characters. If you experience issues with IP caching, please consider changing the IP cache to a location with a shorter path. Alternately consider using the OS subst command to map part of the path to a drive letter. 
Current IP cache path is c:/Users/aadit/Documents/ECE_385/385group/Final_proj/final_proj_new/hw/hw.cache/ip 
INFO: [IP_Flow 19-6924] IPCACHE: Running cache check for IP inst: bd_1_dlmb_bram_if_cntlr_0
INFO: [IP_Flow 19-6922] IPCACHE: Exporting cached entry 3476c4423bce1452 to dir: C:/Users/aadit/Documents/ECE_385/385group/Final_proj/final_proj_new/hw/hw.runs/bd_1_dlmb_bram_if_cntlr_0_synth_1
INFO: [IP_Flow 19-6928] IPCACHE: copied cached file c:/Users/aadit/Documents/ECE_385/385group/Final_proj/final_proj_new/hw/hw.cache/ip/2022.2/3/4/3476c4423bce1452/bd_1_ilmb_bram_if_cntlr_0.dcp to C:/Users/aadit/Documents/ECE_385/385group/Final_proj/final_proj_new/hw/hw.runs/bd_1_dlmb_bram_if_cntlr_0_synth_1/bd_1_dlmb_bram_if_cntlr_0.dcp.
INFO: [IP_Flow 19-6928] IPCACHE: copied cached file c:/Users/aadit/Documents/ECE_385/385group/Final_proj/final_proj_new/hw/hw.cache/ip/2022.2/3/4/3476c4423bce1452/bd_1_ilmb_bram_if_cntlr_0_sim_netlist.v to C:/Users/aadit/Documents/ECE_385/385group/Final_proj/final_proj_new/hw/hw.runs/bd_1_dlmb_bram_if_cntlr_0_synth_1/bd_1_dlmb_bram_if_cntlr_0_sim_netlist.v.
INFO: [IP_Flow 19-6928] IPCACHE: copied cached file c:/Users/aadit/Documents/ECE_385/385group/Final_proj/final_proj_new/hw/hw.cache/ip/2022.2/3/4/3476c4423bce1452/bd_1_ilmb_bram_if_cntlr_0_sim_netlist.vhdl to C:/Users/aadit/Documents/ECE_385/385group/Final_proj/final_proj_new/hw/hw.runs/bd_1_dlmb_bram_if_cntlr_0_synth_1/bd_1_dlmb_bram_if_cntlr_0_sim_netlist.vhdl.
INFO: [IP_Flow 19-6928] IPCACHE: copied cached file c:/Users/aadit/Documents/ECE_385/385group/Final_proj/final_proj_new/hw/hw.cache/ip/2022.2/3/4/3476c4423bce1452/bd_1_ilmb_bram_if_cntlr_0_stub.v to C:/Users/aadit/Documents/ECE_385/385group/Final_proj/final_proj_new/hw/hw.runs/bd_1_dlmb_bram_if_cntlr_0_synth_1/bd_1_dlmb_bram_if_cntlr_0_stub.v.
INFO: [IP_Flow 19-6928] IPCACHE: copied cached file c:/Users/aadit/Documents/ECE_385/385group/Final_proj/final_proj_new/hw/hw.cache/ip/2022.2/3/4/3476c4423bce1452/bd_1_ilmb_bram_if_cntlr_0_stub.vhdl to C:/Users/aadit/Documents/ECE_385/385group/Final_proj/final_proj_new/hw/hw.runs/bd_1_dlmb_bram_if_cntlr_0_synth_1/bd_1_dlmb_bram_if_cntlr_0_stub.vhdl.
INFO: [IP_Flow 19-4838] Using cached IP synthesis design for IP bd_1_dlmb_bram_if_cntlr_0, cache-ID = 3476c4423bce1452.
INFO: [Common 17-206] Exiting Vivado at Thu Apr 25 15:57:11 2024...
